<?xml version="1.0" encoding="UTF-8"?>
<testng-results ignored="0" total="5" passed="3" failed="2" skipped="0">
  <reporter-output>
  </reporter-output>
  <suite started-at="2025-10-26T12:43:19 IST" name="Default suite" finished-at="2025-10-26T12:43:33 IST" duration-ms="13514">
    <groups>
    </groups>
    <test started-at="2025-10-26T12:43:19 IST" name="Default test" finished-at="2025-10-26T12:43:33 IST" duration-ms="13514">
      <class name="com.rev.admin.tests.VerifyProcedureUpdatePut">
        <test-method is-config="true" signature="initReport()[pri:0, instance:com.rev.admin.tests.VerifyProcedureUpdatePut@3cd3e762]" started-at="2025-10-26T12:43:19 IST" name="initReport" finished-at="2025-10-26T12:43:19 IST" duration-ms="282" status="PASS">
          <reporter-output>
          </reporter-output>
        </test-method> <!-- initReport -->
        <test-method is-config="true" signature="setUpFrontTokeAndCookie()[pri:0, instance:com.rev.admin.tests.VerifyProcedureUpdatePut@3cd3e762]" started-at="2025-10-26T12:43:19 IST" name="setUpFrontTokeAndCookie" finished-at="2025-10-26T12:43:23 IST" duration-ms="3387" status="PASS">
          <reporter-output>
          </reporter-output>
        </test-method> <!-- setUpFrontTokeAndCookie -->
        <test-method is-config="true" signature="startExtentTest(java.lang.reflect.Method)[pri:0, instance:com.rev.admin.tests.VerifyProcedureUpdatePut@3cd3e762]" started-at="2025-10-26T12:43:23 IST" name="startExtentTest" finished-at="2025-10-26T12:43:23 IST" duration-ms="10" status="PASS">
          <params>
            <param index="0">
              <value>
                <![CDATA[public void com.rev.admin.tests.VerifyProcedureUpdatePut.procedureUpdatePut()]]>
              </value>
            </param>
          </params>
          <reporter-output>
          </reporter-output>
        </test-method> <!-- startExtentTest -->
        <test-method signature="procedureUpdatePut()[pri:0, instance:com.rev.admin.tests.VerifyProcedureUpdatePut@3cd3e762]" started-at="2025-10-26T12:43:23 IST" name="procedureUpdatePut" finished-at="2025-10-26T12:43:24 IST" duration-ms="830" status="FAIL">
          <exception class="java.lang.AssertionError">
            <message>
              <![CDATA[Procedure patch failed (Status Code). expected [200] but found [404]]]>
            </message>
            <full-stacktrace>
              <![CDATA[java.lang.AssertionError: Procedure patch failed (Status Code). expected [200] but found [404]
at org.testng.Assert.fail(Assert.java:111)
at org.testng.Assert.failNotEquals(Assert.java:1578)
at org.testng.Assert.assertEqualsImpl(Assert.java:150)
at org.testng.Assert.assertEquals(Assert.java:132)
at org.testng.Assert.assertEquals(Assert.java:1419)
at org.testng.Assert.assertEquals(Assert.java:1383)
at com.rev.admin.tests.VerifyProcedureUpdatePut.procedureUpdatePut(VerifyProcedureUpdatePut.java:25)
at java.base/jdk.internal.reflect.DirectMethodHandleAccessor.invoke(DirectMethodHandleAccessor.java:103)
at java.base/java.lang.reflect.Method.invoke(Method.java:580)
at org.testng.internal.invokers.MethodInvocationHelper.invokeMethod(MethodInvocationHelper.java:141)
at org.testng.internal.invokers.TestInvoker.invokeMethod(TestInvoker.java:686)
at org.testng.internal.invokers.TestInvoker.invokeTestMethod(TestInvoker.java:230)
at org.testng.internal.invokers.MethodRunner.runInSequence(MethodRunner.java:63)
at org.testng.internal.invokers.TestInvoker$MethodInvocationAgent.invoke(TestInvoker.java:992)
at org.testng.internal.invokers.TestInvoker.invokeTestMethods(TestInvoker.java:203)
at org.testng.internal.invokers.TestMethodWorker.invokeTestMethods(TestMethodWorker.java:154)
at org.testng.internal.invokers.TestMethodWorker.run(TestMethodWorker.java:134)
at java.base/java.util.ArrayList.forEach(ArrayList.java:1597)
at org.testng.TestRunner.privateRun(TestRunner.java:739)
at org.testng.TestRunner.run(TestRunner.java:614)
at org.testng.SuiteRunner.runTest(SuiteRunner.java:421)
at org.testng.SuiteRunner.runSequentially(SuiteRunner.java:413)
at org.testng.SuiteRunner.privateRun(SuiteRunner.java:373)
at org.testng.SuiteRunner.run(SuiteRunner.java:312)
at org.testng.SuiteRunnerWorker.runSuite(SuiteRunnerWorker.java:52)
at org.testng.SuiteRunnerWorker.run(SuiteRunnerWorker.java:95)
at org.testng.TestNG.runSuitesSequentially(TestNG.java:1274)
at org.testng.TestNG.runSuitesLocally(TestNG.java:1208)
at org.testng.TestNG.runSuites(TestNG.java:1112)
at org.testng.TestNG.run(TestNG.java:1079)
at org.testng.remote.AbstractRemoteTestNG.run(AbstractRemoteTestNG.java:115)
at org.testng.remote.RemoteTestNG.initAndRun(RemoteTestNG.java:293)
at org.testng.remote.RemoteTestNG.main(RemoteTestNG.java:91)
]]>
            </full-stacktrace>
          </exception> <!-- java.lang.AssertionError -->
          <reporter-output>
          </reporter-output>
        </test-method> <!-- procedureUpdatePut -->
        <test-method is-config="true" signature="endExtentTest(org.testng.ITestResult)[pri:0, instance:com.rev.admin.tests.VerifyProcedureUpdatePut@3cd3e762]" started-at="2025-10-26T12:43:24 IST" name="endExtentTest" finished-at="2025-10-26T12:43:24 IST" duration-ms="3" status="PASS">
          <params>
            <param index="0">
              <value>
                <![CDATA[[TestResult name=procedureUpdatePut status=FAILURE method=VerifyProcedureUpdatePut.procedureUpdatePut()[pri:0, instance:com.rev.admin.tests.VerifyProcedureUpdatePut@3cd3e762] output={null}]]]>
              </value>
            </param>
          </params>
          <reporter-output>
          </reporter-output>
        </test-method> <!-- endExtentTest -->
        <test-method is-config="true" signature="tearDownReport()[pri:0, instance:com.rev.admin.tests.VerifyProcedureUpdatePut@3cd3e762]" started-at="2025-10-26T12:43:33 IST" name="tearDownReport" finished-at="2025-10-26T12:43:33 IST" duration-ms="339" status="PASS">
          <reporter-output>
          </reporter-output>
        </test-method> <!-- tearDownReport -->
      </class> <!-- com.rev.admin.tests.VerifyProcedureUpdatePut -->
      <class name="com.rev.admin.tests.VerifyProcedureUpdatePatch">
        <test-method is-config="true" signature="setUpFrontTokeAndCookie()[pri:0, instance:com.rev.admin.tests.VerifyProcedureUpdatePatch@6ed3ccb2]" started-at="2025-10-26T12:43:24 IST" name="setUpFrontTokeAndCookie" finished-at="2025-10-26T12:43:25 IST" duration-ms="1206" status="PASS">
          <reporter-output>
          </reporter-output>
        </test-method> <!-- setUpFrontTokeAndCookie -->
        <test-method is-config="true" signature="startExtentTest(java.lang.reflect.Method)[pri:0, instance:com.rev.admin.tests.VerifyProcedureUpdatePatch@6ed3ccb2]" started-at="2025-10-26T12:43:25 IST" name="startExtentTest" finished-at="2025-10-26T12:43:25 IST" duration-ms="1" status="PASS">
          <params>
            <param index="0">
              <value>
                <![CDATA[public void com.rev.admin.tests.VerifyProcedureUpdatePatch.procedurePartialUpdatePatch()]]>
              </value>
            </param>
          </params>
          <reporter-output>
          </reporter-output>
        </test-method> <!-- startExtentTest -->
        <test-method signature="procedurePartialUpdatePatch()[pri:0, instance:com.rev.admin.tests.VerifyProcedureUpdatePatch@6ed3ccb2]" started-at="2025-10-26T12:43:25 IST" name="procedurePartialUpdatePatch" finished-at="2025-10-26T12:43:25 IST" duration-ms="604" status="FAIL">
          <exception class="java.lang.AssertionError">
            <message>
              <![CDATA[Procedure partial update failed (Status Code). expected [200] but found [500]]]>
            </message>
            <full-stacktrace>
              <![CDATA[java.lang.AssertionError: Procedure partial update failed (Status Code). expected [200] but found [500]
at org.testng.Assert.fail(Assert.java:111)
at org.testng.Assert.failNotEquals(Assert.java:1578)
at org.testng.Assert.assertEqualsImpl(Assert.java:150)
at org.testng.Assert.assertEquals(Assert.java:132)
at org.testng.Assert.assertEquals(Assert.java:1419)
at org.testng.Assert.assertEquals(Assert.java:1383)
at com.rev.admin.tests.VerifyProcedureUpdatePatch.procedurePartialUpdatePatch(VerifyProcedureUpdatePatch.java:80)
at java.base/jdk.internal.reflect.DirectMethodHandleAccessor.invoke(DirectMethodHandleAccessor.java:103)
at java.base/java.lang.reflect.Method.invoke(Method.java:580)
at org.testng.internal.invokers.MethodInvocationHelper.invokeMethod(MethodInvocationHelper.java:141)
at org.testng.internal.invokers.TestInvoker.invokeMethod(TestInvoker.java:686)
at org.testng.internal.invokers.TestInvoker.invokeTestMethod(TestInvoker.java:230)
at org.testng.internal.invokers.MethodRunner.runInSequence(MethodRunner.java:63)
at org.testng.internal.invokers.TestInvoker$MethodInvocationAgent.invoke(TestInvoker.java:992)
at org.testng.internal.invokers.TestInvoker.invokeTestMethods(TestInvoker.java:203)
at org.testng.internal.invokers.TestMethodWorker.invokeTestMethods(TestMethodWorker.java:154)
at org.testng.internal.invokers.TestMethodWorker.run(TestMethodWorker.java:134)
at java.base/java.util.ArrayList.forEach(ArrayList.java:1597)
at org.testng.TestRunner.privateRun(TestRunner.java:739)
at org.testng.TestRunner.run(TestRunner.java:614)
at org.testng.SuiteRunner.runTest(SuiteRunner.java:421)
at org.testng.SuiteRunner.runSequentially(SuiteRunner.java:413)
at org.testng.SuiteRunner.privateRun(SuiteRunner.java:373)
at org.testng.SuiteRunner.run(SuiteRunner.java:312)
at org.testng.SuiteRunnerWorker.runSuite(SuiteRunnerWorker.java:52)
at org.testng.SuiteRunnerWorker.run(SuiteRunnerWorker.java:95)
at org.testng.TestNG.runSuitesSequentially(TestNG.java:1274)
at org.testng.TestNG.runSuitesLocally(TestNG.java:1208)
at org.testng.TestNG.runSuites(TestNG.java:1112)
at org.testng.TestNG.run(TestNG.java:1079)
at org.testng.remote.AbstractRemoteTestNG.run(AbstractRemoteTestNG.java:115)
at org.testng.remote.RemoteTestNG.initAndRun(RemoteTestNG.java:293)
at org.testng.remote.RemoteTestNG.main(RemoteTestNG.java:91)
]]>
            </full-stacktrace>
          </exception> <!-- java.lang.AssertionError -->
          <reporter-output>
          </reporter-output>
        </test-method> <!-- procedurePartialUpdatePatch -->
        <test-method is-config="true" signature="endExtentTest(org.testng.ITestResult)[pri:0, instance:com.rev.admin.tests.VerifyProcedureUpdatePatch@6ed3ccb2]" started-at="2025-10-26T12:43:25 IST" name="endExtentTest" finished-at="2025-10-26T12:43:25 IST" duration-ms="1" status="PASS">
          <params>
            <param index="0">
              <value>
                <![CDATA[[TestResult name=procedurePartialUpdatePatch status=FAILURE method=VerifyProcedureUpdatePatch.procedurePartialUpdatePatch()[pri:0, instance:com.rev.admin.tests.VerifyProcedureUpdatePatch@6ed3ccb2] output={null}]]]>
              </value>
            </param>
          </params>
          <reporter-output>
          </reporter-output>
        </test-method> <!-- endExtentTest -->
        <test-method is-config="true" signature="startExtentTest(java.lang.reflect.Method)[pri:0, instance:com.rev.admin.tests.VerifyProcedureUpdatePatch@6ed3ccb2]" started-at="2025-10-26T12:43:25 IST" name="startExtentTest" finished-at="2025-10-26T12:43:25 IST" duration-ms="2" status="PASS">
          <params>
            <param index="0">
              <value>
                <![CDATA[public void com.rev.admin.tests.VerifyProcedureUpdatePatch.procedureUpdatePatch()]]>
              </value>
            </param>
          </params>
          <reporter-output>
          </reporter-output>
        </test-method> <!-- startExtentTest -->
        <test-method signature="procedureUpdatePatch()[pri:0, instance:com.rev.admin.tests.VerifyProcedureUpdatePatch@6ed3ccb2]" started-at="2025-10-26T12:43:25 IST" name="procedureUpdatePatch" finished-at="2025-10-26T12:43:26 IST" duration-ms="877" status="PASS">
          <reporter-output>
          </reporter-output>
        </test-method> <!-- procedureUpdatePatch -->
        <test-method is-config="true" signature="endExtentTest(org.testng.ITestResult)[pri:0, instance:com.rev.admin.tests.VerifyProcedureUpdatePatch@6ed3ccb2]" started-at="2025-10-26T12:43:26 IST" name="endExtentTest" finished-at="2025-10-26T12:43:26 IST" duration-ms="2" status="PASS">
          <params>
            <param index="0">
              <value>
                <![CDATA[[TestResult name=procedureUpdatePatch status=SUCCESS method=VerifyProcedureUpdatePatch.procedureUpdatePatch()[pri:0, instance:com.rev.admin.tests.VerifyProcedureUpdatePatch@6ed3ccb2] output={null}]]]>
              </value>
            </param>
          </params>
          <reporter-output>
          </reporter-output>
        </test-method> <!-- endExtentTest -->
      </class> <!-- com.rev.admin.tests.VerifyProcedureUpdatePatch -->
      <class name="com.rev.admin.tests.AdminLoginTest">
        <test-method is-config="true" signature="setUpFrontTokeAndCookie()[pri:0, instance:com.rev.admin.tests.AdminLoginTest@1a677343]" started-at="2025-10-26T12:43:26 IST" name="setUpFrontTokeAndCookie" finished-at="2025-10-26T12:43:27 IST" duration-ms="983" status="PASS">
          <reporter-output>
          </reporter-output>
        </test-method> <!-- setUpFrontTokeAndCookie -->
        <test-method is-config="true" signature="startExtentTest(java.lang.reflect.Method)[pri:0, instance:com.rev.admin.tests.AdminLoginTest@1a677343]" started-at="2025-10-26T12:43:27 IST" name="startExtentTest" finished-at="2025-10-26T12:43:27 IST" duration-ms="1" status="PASS">
          <params>
            <param index="0">
              <value>
                <![CDATA[public void com.rev.admin.tests.AdminLoginTest.adminLoginWithOtpTest()]]>
              </value>
            </param>
          </params>
          <reporter-output>
          </reporter-output>
        </test-method> <!-- startExtentTest -->
        <test-method signature="adminLoginWithOtpTest()[pri:0, instance:com.rev.admin.tests.AdminLoginTest@1a677343]" started-at="2025-10-26T12:43:27 IST" name="adminLoginWithOtpTest" finished-at="2025-10-26T12:43:30 IST" duration-ms="3207" status="PASS">
          <reporter-output>
          </reporter-output>
        </test-method> <!-- adminLoginWithOtpTest -->
        <test-method is-config="true" signature="endExtentTest(org.testng.ITestResult)[pri:0, instance:com.rev.admin.tests.AdminLoginTest@1a677343]" started-at="2025-10-26T12:43:30 IST" name="endExtentTest" finished-at="2025-10-26T12:43:30 IST" duration-ms="0" status="PASS">
          <params>
            <param index="0">
              <value>
                <![CDATA[[TestResult name=adminLoginWithOtpTest status=SUCCESS method=AdminLoginTest.adminLoginWithOtpTest()[pri:0, instance:com.rev.admin.tests.AdminLoginTest@1a677343] output={null}]]]>
              </value>
            </param>
          </params>
          <reporter-output>
          </reporter-output>
        </test-method> <!-- endExtentTest -->
      </class> <!-- com.rev.admin.tests.AdminLoginTest -->
      <class name="com.rev.admin.tests.ProcedrueLoading">
        <test-method is-config="true" signature="setUpFrontTokeAndCookie()[pri:0, instance:com.rev.admin.tests.ProcedrueLoading@15de0b3c]" started-at="2025-10-26T12:43:30 IST" name="setUpFrontTokeAndCookie" finished-at="2025-10-26T12:43:31 IST" duration-ms="897" status="PASS">
          <reporter-output>
          </reporter-output>
        </test-method> <!-- setUpFrontTokeAndCookie -->
        <test-method is-config="true" signature="startExtentTest(java.lang.reflect.Method)[pri:0, instance:com.rev.admin.tests.ProcedrueLoading@15de0b3c]" started-at="2025-10-26T12:43:31 IST" name="startExtentTest" finished-at="2025-10-26T12:43:31 IST" duration-ms="2" status="PASS">
          <params>
            <param index="0">
              <value>
                <![CDATA[public void com.rev.admin.tests.ProcedrueLoading.procedureLoadingStatusCodeAndResposeVerification()]]>
              </value>
            </param>
          </params>
          <reporter-output>
          </reporter-output>
        </test-method> <!-- startExtentTest -->
        <test-method signature="procedureLoadingStatusCodeAndResposeVerification()[pri:0, instance:com.rev.admin.tests.ProcedrueLoading@15de0b3c]" started-at="2025-10-26T12:43:31 IST" name="procedureLoadingStatusCodeAndResposeVerification" finished-at="2025-10-26T12:43:33 IST" duration-ms="1413" status="PASS">
          <reporter-output>
          </reporter-output>
        </test-method> <!-- procedureLoadingStatusCodeAndResposeVerification -->
        <test-method is-config="true" signature="endExtentTest(org.testng.ITestResult)[pri:0, instance:com.rev.admin.tests.ProcedrueLoading@15de0b3c]" started-at="2025-10-26T12:43:33 IST" name="endExtentTest" finished-at="2025-10-26T12:43:33 IST" duration-ms="1" status="PASS">
          <params>
            <param index="0">
              <value>
                <![CDATA[[TestResult name=procedureLoadingStatusCodeAndResposeVerification status=SUCCESS method=ProcedrueLoading.procedureLoadingStatusCodeAndResposeVerification()[pri:0, instance:com.rev.admin.tests.ProcedrueLoading@15de0b3c] output={null}]]]>
              </value>
            </param>
          </params>
          <reporter-output>
          </reporter-output>
        </test-method> <!-- endExtentTest -->
      </class> <!-- com.rev.admin.tests.ProcedrueLoading -->
    </test> <!-- Default test -->
  </suite> <!-- Default suite -->
</testng-results>
